[debug] [2018-05-18T05:28:22.745Z] ----------------------------------------------------------------------
[debug] [2018-05-18T05:28:22.747Z] Command:       /usr/local/Cellar/node/9.4.0/bin/node /usr/local/bin/firebase deploy
[debug] [2018-05-18T05:28:22.747Z] CLI Version:   3.18.4
[debug] [2018-05-18T05:28:22.747Z] Platform:      darwin
[debug] [2018-05-18T05:28:22.747Z] Node Version:  v9.4.0
[debug] [2018-05-18T05:28:22.748Z] Time:          Fri May 18 2018 14:28:22 GMT+0900 (JST)
[debug] [2018-05-18T05:28:22.748Z] ----------------------------------------------------------------------
[debug] 
[debug] [2018-05-18T05:28:22.756Z] > command requires scopes: ["email","openid","https://www.googleapis.com/auth/cloudplatformprojects.readonly","https://www.googleapis.com/auth/firebase","https://www.googleapis.com/auth/cloud-platform"]
[debug] [2018-05-18T05:28:22.756Z] > authorizing via signed-in user
[debug] [2018-05-18T05:28:22.757Z] > refreshing access token with scopes: ["email","https://www.googleapis.com/auth/cloud-platform","https://www.googleapis.com/auth/cloudplatformprojects.readonly","https://www.googleapis.com/auth/firebase","openid"]
[debug] [2018-05-18T05:28:22.758Z] >>> HTTP REQUEST POST https://www.googleapis.com/oauth2/v3/token  
 { refresh_token: '1/n3CP0w7iamKjDq5XhgdG7Ff9PKLnoYj9vviZKjYZLKQA08yIKctnyBUUGqcQrhPY',
  client_id: '563584335869-fgrhgmd47bqnekij5i8b5pr03ho849e6.apps.googleusercontent.com',
  client_secret: 'j9iVZfS8kkCEFUPaAeJV0sAi',
  grant_type: 'refresh_token',
  scope: 'email https://www.googleapis.com/auth/cloud-platform https://www.googleapis.com/auth/cloudplatformprojects.readonly https://www.googleapis.com/auth/firebase openid' } 
 Fri May 18 2018 14:28:22 GMT+0900 (JST)
[debug] [2018-05-18T05:28:22.912Z] <<< HTTP RESPONSE 200
[debug] [2018-05-18T05:28:22.921Z] >>> HTTP REQUEST GET https://admin.firebase.com/v1/projects/musicpomodoro  
  
 Fri May 18 2018 14:28:22 GMT+0900 (JST)
[debug] [2018-05-18T05:29:23.596Z] <<< HTTP RESPONSE 200
[info] 
[warn] ⚠  Your CLI authentication needs to be updated to take advantage of new features.
[warn] ⚠  Please run firebase login --reauth
[info] 
[debug] [2018-05-18T05:29:23.598Z] > command requires scopes: ["email","openid","https://www.googleapis.com/auth/cloudplatformprojects.readonly","https://www.googleapis.com/auth/firebase"]
[debug] [2018-05-18T05:29:23.599Z] > authorizing via signed-in user
[debug] [2018-05-18T05:29:23.599Z] > refreshing access token with scopes: ["email","https://www.googleapis.com/auth/cloudplatformprojects.readonly","https://www.googleapis.com/auth/firebase","openid"]
[debug] [2018-05-18T05:29:23.599Z] >>> HTTP REQUEST POST https://www.googleapis.com/oauth2/v3/token  
 { refresh_token: '1/n3CP0w7iamKjDq5XhgdG7Ff9PKLnoYj9vviZKjYZLKQA08yIKctnyBUUGqcQrhPY',
  client_id: '563584335869-fgrhgmd47bqnekij5i8b5pr03ho849e6.apps.googleusercontent.com',
  client_secret: 'j9iVZfS8kkCEFUPaAeJV0sAi',
  grant_type: 'refresh_token',
  scope: 'email https://www.googleapis.com/auth/cloudplatformprojects.readonly https://www.googleapis.com/auth/firebase openid' } 
 Fri May 18 2018 14:29:23 GMT+0900 (JST)
[debug] [2018-05-18T05:29:23.689Z] <<< HTTP RESPONSE 200
[debug] [2018-05-18T05:29:23.698Z] >>> HTTP REQUEST GET https://admin.firebase.com/v1/projects/musicpomodoro  
  
 Fri May 18 2018 14:29:23 GMT+0900 (JST)
